<?xml version="1.0" encoding="UTF-8"?>
<testng-results skipped="0" failed="0" total="1" passed="1">
  <reporter-output>
  </reporter-output>
  <suite name="Default suite" duration-ms="499" started-at="2016-04-20T06:11:52Z" finished-at="2016-04-20T06:11:53Z">
    <groups>
    </groups>
    <test name="Default test" duration-ms="499" started-at="2016-04-20T06:11:52Z" finished-at="2016-04-20T06:11:53Z">
      <class name="jdbcConnect.SQLConnector">
        <test-method status="PASS" signature="beforeMethod()[pri:0, instance:jdbcConnect.SQLConnector@1b664bb]" name="beforeMethod" is-config="true" duration-ms="11" started-at="2016-04-20T11:41:53Z" finished-at="2016-04-20T11:41:53Z">
          <reporter-output>
          </reporter-output>
        </test-method> <!-- beforeMethod -->
        <test-method status="PASS" signature="getData()[pri:0, instance:jdbcConnect.SQLConnector@1b664bb]" name="getData" duration-ms="436" started-at="2016-04-20T11:41:53Z" finished-at="2016-04-20T11:41:53Z">
          <reporter-output>
          </reporter-output>
        </test-method> <!-- getData -->
        <test-method status="PASS" signature="afterTest()[pri:0, instance:jdbcConnect.SQLConnector@1b664bb]" name="afterTest" is-config="true" duration-ms="0" started-at="2016-04-20T11:41:53Z" finished-at="2016-04-20T11:41:53Z">
          <reporter-output>
          </reporter-output>
        </test-method> <!-- afterTest -->
      </class> <!-- jdbcConnect.SQLConnector -->
    </test> <!-- Default test -->
  </suite> <!-- Default suite -->
</testng-results>
