<?xml version="1.0" encoding="UTF-8"?>
<testng-results skipped="0" failed="0" total="1" passed="1">
  <reporter-output>
  </reporter-output>
  <suite name="Suite" duration-ms="206" started-at="2016-04-21T07:18:27Z" finished-at="2016-04-21T07:18:27Z">
    <groups>
    </groups>
    <test name="Test" duration-ms="206" started-at="2016-04-21T07:18:27Z" finished-at="2016-04-21T07:18:27Z">
      <class name="jdbcConnect.SQLConnector">
        <test-method status="PASS" signature="beforeMethod()[pri:0, instance:jdbcConnect.SQLConnector@1fe40d5]" name="beforeMethod" is-config="true" duration-ms="5" started-at="2016-04-21T12:48:27Z" finished-at="2016-04-21T12:48:27Z">
          <reporter-output>
          </reporter-output>
        </test-method> <!-- beforeMethod -->
        <test-method status="PASS" signature="getData()[pri:0, instance:jdbcConnect.SQLConnector@1fe40d5]" name="getData" duration-ms="185" started-at="2016-04-21T12:48:27Z" finished-at="2016-04-21T12:48:27Z">
          <reporter-output>
          </reporter-output>
        </test-method> <!-- getData -->
        <test-method status="PASS" signature="afterTest()[pri:0, instance:jdbcConnect.SQLConnector@1fe40d5]" name="afterTest" is-config="true" duration-ms="0" started-at="2016-04-21T12:48:27Z" finished-at="2016-04-21T12:48:27Z">
          <reporter-output>
          </reporter-output>
        </test-method> <!-- afterTest -->
      </class> <!-- jdbcConnect.SQLConnector -->
    </test> <!-- Test -->
  </suite> <!-- Suite -->
</testng-results>
